2025-09-23 12:47:16,080 - logging_config - INFO - Database tables created successfully - /Users/nirajkafle/Desktop/niraj/dev-projects/drs/backend/src/main.py:21
2025-09-23 12:47:16,084 - uvicorn.error - INFO - Started server process [1886] - /opt/miniconda3/lib/python3.12/site-packages/uvicorn/server.py:76
2025-09-23 12:47:16,085 - uvicorn.error - INFO - Waiting for application startup. - /opt/miniconda3/lib/python3.12/site-packages/uvicorn/lifespan/on.py:46
2025-09-23 12:47:16,085 - uvicorn.error - INFO - Application startup complete. - /opt/miniconda3/lib/python3.12/site-packages/uvicorn/lifespan/on.py:60
2025-09-23 12:47:23,762 - uvicorn.error - INFO - Shutting down - /opt/miniconda3/lib/python3.12/site-packages/uvicorn/server.py:264
2025-09-23 12:47:23,863 - uvicorn.error - INFO - Waiting for application shutdown. - /opt/miniconda3/lib/python3.12/site-packages/uvicorn/lifespan/on.py:65
2025-09-23 12:47:23,864 - uvicorn.error - INFO - Application shutdown complete. - /opt/miniconda3/lib/python3.12/site-packages/uvicorn/lifespan/on.py:76
2025-09-23 12:47:23,864 - uvicorn.error - INFO - Finished server process [1886] - /opt/miniconda3/lib/python3.12/site-packages/uvicorn/server.py:86
2025-09-23 12:48:03,479 - logging_config - INFO - Database tables created successfully - /Users/nirajkafle/Desktop/niraj/dev-projects/drs/backend/src/main.py:21
2025-09-23 12:48:03,481 - uvicorn.error - INFO - Started server process [2184] - /opt/miniconda3/lib/python3.12/site-packages/uvicorn/server.py:76
2025-09-23 12:48:03,481 - uvicorn.error - INFO - Waiting for application startup. - /opt/miniconda3/lib/python3.12/site-packages/uvicorn/lifespan/on.py:46
2025-09-23 12:48:03,483 - uvicorn.error - INFO - Application startup complete. - /opt/miniconda3/lib/python3.12/site-packages/uvicorn/lifespan/on.py:60
2025-09-23 12:48:11,462 - uvicorn.error - INFO - Shutting down - /opt/miniconda3/lib/python3.12/site-packages/uvicorn/server.py:264
2025-09-23 12:48:11,563 - uvicorn.error - INFO - Waiting for application shutdown. - /opt/miniconda3/lib/python3.12/site-packages/uvicorn/lifespan/on.py:65
2025-09-23 12:48:11,563 - uvicorn.error - INFO - Application shutdown complete. - /opt/miniconda3/lib/python3.12/site-packages/uvicorn/lifespan/on.py:76
2025-09-23 12:48:11,564 - uvicorn.error - INFO - Finished server process [2184] - /opt/miniconda3/lib/python3.12/site-packages/uvicorn/server.py:86
2025-09-23 12:50:45,827 - logging_config - INFO - Database tables created successfully - /Users/nirajkafle/Desktop/niraj/dev-projects/drs/backend/src/main.py:21
2025-09-23 12:50:45,830 - uvicorn.error - INFO - Started server process [2615] - /opt/miniconda3/lib/python3.12/site-packages/uvicorn/server.py:76
2025-09-23 12:50:45,830 - uvicorn.error - INFO - Waiting for application startup. - /opt/miniconda3/lib/python3.12/site-packages/uvicorn/lifespan/on.py:46
2025-09-23 12:50:45,830 - uvicorn.error - INFO - Application startup complete. - /opt/miniconda3/lib/python3.12/site-packages/uvicorn/lifespan/on.py:60
2025-09-23 12:50:59,273 - uvicorn.error - INFO - Shutting down - /opt/miniconda3/lib/python3.12/site-packages/uvicorn/server.py:264
2025-09-23 12:50:59,374 - uvicorn.error - INFO - Waiting for application shutdown. - /opt/miniconda3/lib/python3.12/site-packages/uvicorn/lifespan/on.py:65
2025-09-23 12:50:59,375 - uvicorn.error - INFO - Application shutdown complete. - /opt/miniconda3/lib/python3.12/site-packages/uvicorn/lifespan/on.py:76
2025-09-23 12:50:59,375 - uvicorn.error - INFO - Finished server process [2615] - /opt/miniconda3/lib/python3.12/site-packages/uvicorn/server.py:86
2025-09-23 12:52:10,713 - logging_config - INFO - Database tables created successfully - /Users/nirajkafle/Desktop/niraj/dev-projects/drs/backend/src/main.py:21
2025-09-23 12:52:10,715 - uvicorn.error - INFO - Started server process [2742] - /opt/miniconda3/lib/python3.12/site-packages/uvicorn/server.py:76
2025-09-23 12:52:10,715 - uvicorn.error - INFO - Waiting for application startup. - /opt/miniconda3/lib/python3.12/site-packages/uvicorn/lifespan/on.py:46
2025-09-23 12:52:10,716 - uvicorn.error - INFO - Application startup complete. - /opt/miniconda3/lib/python3.12/site-packages/uvicorn/lifespan/on.py:60
2025-09-23 12:52:22,237 - uvicorn.error - INFO - Shutting down - /opt/miniconda3/lib/python3.12/site-packages/uvicorn/server.py:264
2025-09-23 12:52:22,338 - uvicorn.error - INFO - Waiting for application shutdown. - /opt/miniconda3/lib/python3.12/site-packages/uvicorn/lifespan/on.py:65
2025-09-23 12:52:22,339 - uvicorn.error - INFO - Application shutdown complete. - /opt/miniconda3/lib/python3.12/site-packages/uvicorn/lifespan/on.py:76
2025-09-23 12:52:22,339 - uvicorn.error - INFO - Finished server process [2742] - /opt/miniconda3/lib/python3.12/site-packages/uvicorn/server.py:86
2025-09-23 12:56:35,752 - logging_config - INFO - Database tables created successfully - /Users/nirajkafle/Desktop/niraj/dev-projects/drs/backend/src/main.py:21
2025-09-23 12:56:35,759 - uvicorn.error - INFO - Started server process [3536] - /opt/miniconda3/lib/python3.12/site-packages/uvicorn/server.py:76
2025-09-23 12:56:35,759 - uvicorn.error - INFO - Waiting for application startup. - /opt/miniconda3/lib/python3.12/site-packages/uvicorn/lifespan/on.py:46
2025-09-23 12:56:35,760 - uvicorn.error - INFO - Application startup complete. - /opt/miniconda3/lib/python3.12/site-packages/uvicorn/lifespan/on.py:60
2025-09-23 12:56:43,444 - uvicorn.error - INFO - Shutting down - /opt/miniconda3/lib/python3.12/site-packages/uvicorn/server.py:264
2025-09-23 12:56:43,546 - uvicorn.error - INFO - Waiting for application shutdown. - /opt/miniconda3/lib/python3.12/site-packages/uvicorn/lifespan/on.py:65
2025-09-23 12:56:43,546 - uvicorn.error - INFO - Application shutdown complete. - /opt/miniconda3/lib/python3.12/site-packages/uvicorn/lifespan/on.py:76
2025-09-23 12:56:43,546 - uvicorn.error - INFO - Finished server process [3536] - /opt/miniconda3/lib/python3.12/site-packages/uvicorn/server.py:86
